[2017-04-21 18:15:13] START
[2017-04-21 18:19:14] EDIT FarmProduct/models/db.py: 9
[2017-04-21 18:26:38] EDIT FarmProduct/models/db.py: 13
[2017-04-21 18:27:28] CREATE products.py: 0
[2017-04-21 18:33:03] EDIT FarmProduct/controllers/products.py: 7
[2017-04-21 18:34:22] EDIT FarmProduct/controllers/products.py: -1
[2017-04-21 18:40:02] EDIT FarmProduct/controllers/products.py: 10
[2017-04-21 18:40:58] EDIT FarmProduct/controllers/products.py: 0
[2017-04-21 19:09:01] EDIT FarmProduct/controllers/products.py: 33
[2017-04-21 19:09:21] EDIT FarmProduct/controllers/products.py: 0
[2017-04-21 19:09:23] EDIT FarmProduct/controllers/products.py: 0
[2017-04-21 19:15:13] EDIT FarmProduct/controllers/products.py: 11
[2017-04-21 19:36:44] CREATE products/myposts.html: 0
[2017-04-21 19:37:04] CREATE products/post.html: 0
[2017-04-21 19:46:38] EDIT FarmProduct/views/products/myposts.html: 23
[2017-04-21 19:50:02] CREATE products/update.html: 0
[2017-04-21 19:54:33] EDIT FarmProduct/views/products/update.html: 11
[2017-04-21 19:54:43] EDIT FarmProduct/views/products/update.html: -1
[2017-04-21 19:55:31] EDIT FarmProduct/views/products/update.html: 0
[2017-04-21 19:57:33] EDIT FarmProduct/views/products/post.html: 2
[2017-04-21 19:58:12] CREATE products/proc.html: 0
[2017-04-21 20:03:24] EDIT FarmProduct/views/products/proc.html: 13
[2017-04-21 20:05:02] CREATE products/view.html: 0
[2017-04-21 20:13:21] EDIT FarmProduct/views/products/view.html: 24
[2017-04-21 20:18:15] EDIT FarmProduct/views/products/view.html: 8
[2017-04-21 21:35:55] EDIT FarmProduct/models/menu.py: -90
[2017-04-21 21:48:26] EDIT FarmProduct/models/db.py: 1
[2017-04-21 21:52:05] EDIT FarmProduct/controllers/products.py: 0
[2017-04-21 21:54:53] EDIT FarmProduct/controllers/products.py: 0
[2017-04-21 22:05:46] EDIT FarmProduct/controllers/products.py: 0
[2017-04-21 22:09:18] EDIT FarmProduct/views/products/view.html: 0
[2017-04-21 22:09:52] EDIT FarmProduct/views/products/view.html: 0
[2017-04-21 22:33:49] EDIT FarmProduct/controllers/products.py: 0
[2017-04-21 22:34:23] EDIT FarmProduct/controllers/products.py: 0
[2017-04-21 22:36:37] CREATE profile/save.html: 0
[2017-04-21 22:38:50] EDIT FarmProduct/views/profile/save.html: 5
[2017-04-21 22:39:01] EDIT FarmProduct/views/products/proc.html: 0
[2017-04-21 22:39:10] EDIT FarmProduct/views/profile/save.html: 0
[2017-04-21 22:40:40] EDIT FarmProduct/views/profile/save.html: 0
[2017-04-21 22:41:43] EDIT FarmProduct/controllers/products.py: 0
[2017-04-21 22:45:21] EDIT FarmProduct/controllers/products.py: 0
[2017-04-21 22:47:09] EDIT FarmProduct/controllers/products.py: 0
[2017-04-21 22:47:31] EDIT FarmProduct/controllers/products.py: 0
[2017-04-21 22:52:26] EDIT FarmProduct/controllers/products.py: 0
[2017-04-21 22:53:38] EDIT FarmProduct/controllers/products.py: 0
[2017-04-21 22:55:17] EDIT FarmProduct/controllers/products.py: 0
[2017-04-21 22:59:27] EDIT FarmProduct/controllers/products.py: 0
[2017-04-21 22:59:51] EDIT FarmProduct/controllers/products.py: 0
[2017-04-21 23:00:03] EDIT FarmProduct/controllers/products.py: 0
[2017-04-21 23:00:09] EDIT FarmProduct/controllers/products.py: 0
[2017-04-21 23:00:30] EDIT FarmProduct/controllers/products.py: 0
[2017-04-21 23:02:13] EDIT FarmProduct/controllers/products.py: 0
[2017-04-21 23:04:33] EDIT FarmProduct/controllers/products.py: 0
[2017-04-21 23:05:51] EDIT FarmProduct/controllers/products.py: 0
[2017-04-21 23:06:07] EDIT FarmProduct/controllers/products.py: 0
[2017-04-21 23:07:21] EDIT FarmProduct/controllers/products.py: 0
[2017-04-21 23:11:34] EDIT FarmProduct/controllers/products.py: 1
[2017-04-21 23:11:58] EDIT FarmProduct/controllers/products.py: 0
[2017-04-21 23:11:58] EDIT FarmProduct/controllers/products.py: 0
[2017-04-21 23:12:19] EDIT FarmProduct/controllers/products.py: 0
[2017-04-21 23:12:54] EDIT FarmProduct/controllers/products.py: -1
[2017-04-21 23:49:11] EDIT FarmProduct/controllers/products.py: 0
[2017-04-21 23:49:24] EDIT FarmProduct/controllers/products.py: 0
[2017-04-21 23:52:02] EDIT FarmProduct/controllers/products.py: 0
[2017-04-21 23:58:14] EDIT FarmProduct/controllers/products.py: 0
[2017-04-22 00:08:22] EDIT FarmProduct/controllers/products.py: 0
[2017-04-22 00:09:59] EDIT FarmProduct/controllers/products.py: 0
[2017-04-22 00:10:57] EDIT FarmProduct/controllers/products.py: 0
[2017-04-22 00:12:11] EDIT FarmProduct/controllers/products.py: 1
[2017-04-22 00:12:12] EDIT FarmProduct/controllers/products.py: 0
[2017-04-22 00:43:42] EDIT FarmProduct/controllers/products.py: 0
[2017-04-22 00:50:05] CREATE profile.py: 0
[2017-04-22 00:53:40] EDIT FarmProduct/controllers/profile.py: 9
[2017-04-22 00:58:22] EDIT FarmProduct/views/products/view.html: 0
[2017-04-22 01:12:32] EDIT FarmProduct/views/products/view.html: 1
[2017-04-22 01:14:26] EDIT FarmProduct/views/products/view.html: 0
[2017-04-22 01:14:57] EDIT FarmProduct/views/products/view.html: 0
[2017-04-22 01:15:42] EDIT FarmProduct/views/products/view.html: 2
